2023-12-23 00:25:46,235 [Worker-6: Loading available Gradle versions] INFO  o.e.b.c.i.u.g.PublishedGradleVersions - Gradle version information cache is up-to-date. Trying to read.
2023-12-23 00:41:29,745 [Worker-6: Creating project "SpringCore01"] INFO  o.e.m.c.i.l.LifecycleMappingFactory - Using org.eclipse.m2e.jdt.JarLifecycleMapping lifecycle mapping for MavenProject: com.kamil:SpringCore01:0.0.1-SNAPSHOT @ C:\Users\ogono\Desktop\programowanie\Programowanie\Telusko\20.12 Spring\przyklad sam\pro1\SpringCore01\pom.xml.
2023-12-23 00:41:30,740 [Worker-6: Creating project "SpringCore01"] INFO  o.e.m.j.i.AbstractJavaProjectConfigurator - Adding source folder /SpringCore01/src/main/java
2023-12-23 00:41:30,742 [Worker-6: Creating project "SpringCore01"] INFO  o.e.m.j.i.AbstractJavaProjectConfigurator - Adding resource folder /SpringCore01/src/main/resources
2023-12-23 00:41:30,743 [Worker-6: Creating project "SpringCore01"] INFO  o.e.m.j.i.AbstractJavaProjectConfigurator - Adding source folder /SpringCore01/src/test/java
2023-12-23 00:41:30,743 [Worker-6: Creating project "SpringCore01"] INFO  o.e.m.j.i.AbstractJavaProjectConfigurator - Adding resource folder /SpringCore01/src/test/resources
2023-12-23 00:41:31,647 [Worker-35: Building] WARN  o.a.m.s.f.DefaultMavenResourcesFiltering - Using platform encoding (Cp1250 actually) to copy filtered resources, i.e. build is platform dependent!
2023-12-23 00:41:31,652 [Worker-35: Building] INFO  o.a.m.s.f.DefaultMavenResourcesFiltering - Copying 0 resource from src\main\resources to target\classes
2023-12-23 00:41:31,655 [Worker-35: Building] WARN  o.a.m.s.f.DefaultMavenResourcesFiltering - Using platform encoding (Cp1250 actually) to copy filtered resources, i.e. build is platform dependent!
2023-12-23 00:41:31,657 [Worker-35: Building] INFO  o.a.m.s.f.DefaultMavenResourcesFiltering - Copying 0 resource from src\test\resources to target\test-classes
2023-12-23 00:47:06,804 [Worker-36: Building] INFO  o.e.m.c.i.l.LifecycleMappingFactory - Using org.eclipse.m2e.jdt.JarLifecycleMapping lifecycle mapping for MavenProject: com.kamil:SpringCore01:0.0.1-SNAPSHOT @ C:\Users\ogono\Desktop\programowanie\Programowanie\Telusko\20.12 Spring\przyklad sam\pro1\SpringCore01\pom.xml.
2023-12-23 00:47:07,171 [Worker-36: Building] WARN  o.a.m.s.f.DefaultMavenResourcesFiltering - Using platform encoding (Cp1250 actually) to copy filtered resources, i.e. build is platform dependent!
2023-12-23 00:47:07,173 [Worker-36: Building] INFO  o.a.m.s.f.DefaultMavenResourcesFiltering - Copying 0 resource from src\main\resources to target\classes
2023-12-23 00:47:07,177 [Worker-36: Building] WARN  o.a.m.s.f.DefaultMavenResourcesFiltering - Using platform encoding (Cp1250 actually) to copy filtered resources, i.e. build is platform dependent!
2023-12-23 00:47:07,178 [Worker-36: Building] INFO  o.a.m.s.f.DefaultMavenResourcesFiltering - Copying 0 resource from src\test\resources to target\test-classes
2023-12-23 00:49:23,028 [Worker-41: Building] WARN  o.a.m.s.f.DefaultMavenResourcesFiltering - Using platform encoding (Cp1250 actually) to copy filtered resources, i.e. build is platform dependent!
2023-12-23 00:49:23,031 [Worker-41: Building] INFO  o.a.m.s.f.DefaultMavenResourcesFiltering - Copying 0 resource from src\main\resources to target\classes
2023-12-23 00:49:23,033 [Worker-41: Building] WARN  o.a.m.s.f.DefaultMavenResourcesFiltering - Using platform encoding (Cp1250 actually) to copy filtered resources, i.e. build is platform dependent!
2023-12-23 00:49:23,037 [Worker-41: Building] INFO  o.a.m.s.f.DefaultMavenResourcesFiltering - Copying 0 resource from src\test\resources to target\test-classes
2023-12-23 00:49:59,272 [Worker-38: Building] WARN  o.a.m.s.f.DefaultMavenResourcesFiltering - Using platform encoding (Cp1250 actually) to copy filtered resources, i.e. build is platform dependent!
2023-12-23 00:49:59,274 [Worker-38: Building] INFO  o.a.m.s.f.DefaultMavenResourcesFiltering - Copying 0 resource from src\main\resources to target\classes
2023-12-23 00:49:59,276 [Worker-38: Building] WARN  o.a.m.s.f.DefaultMavenResourcesFiltering - Using platform encoding (Cp1250 actually) to copy filtered resources, i.e. build is platform dependent!
2023-12-23 00:49:59,278 [Worker-38: Building] INFO  o.a.m.s.f.DefaultMavenResourcesFiltering - Copying 0 resource from src\test\resources to target\test-classes
2023-12-23 00:50:15,407 [Worker-39: Building] WARN  o.a.m.s.f.DefaultMavenResourcesFiltering - Using platform encoding (Cp1250 actually) to copy filtered resources, i.e. build is platform dependent!
2023-12-23 00:50:15,409 [Worker-39: Building] INFO  o.a.m.s.f.DefaultMavenResourcesFiltering - Copying 0 resource from src\main\resources to target\classes
2023-12-23 00:50:15,412 [Worker-39: Building] WARN  o.a.m.s.f.DefaultMavenResourcesFiltering - Using platform encoding (Cp1250 actually) to copy filtered resources, i.e. build is platform dependent!
2023-12-23 00:50:15,414 [Worker-39: Building] INFO  o.a.m.s.f.DefaultMavenResourcesFiltering - Copying 0 resource from src\test\resources to target\test-classes
2023-12-23 00:50:31,141 [Worker-41: Building] WARN  o.a.m.s.f.DefaultMavenResourcesFiltering - Using platform encoding (Cp1250 actually) to copy filtered resources, i.e. build is platform dependent!
2023-12-23 00:50:31,143 [Worker-41: Building] INFO  o.a.m.s.f.DefaultMavenResourcesFiltering - Copying 0 resource from src\main\resources to target\classes
2023-12-23 00:50:31,145 [Worker-41: Building] WARN  o.a.m.s.f.DefaultMavenResourcesFiltering - Using platform encoding (Cp1250 actually) to copy filtered resources, i.e. build is platform dependent!
2023-12-23 00:50:31,146 [Worker-41: Building] INFO  o.a.m.s.f.DefaultMavenResourcesFiltering - Copying 0 resource from src\test\resources to target\test-classes
2023-12-23 00:50:53,128 [Worker-38: Building] WARN  o.a.m.s.f.DefaultMavenResourcesFiltering - Using platform encoding (Cp1250 actually) to copy filtered resources, i.e. build is platform dependent!
2023-12-23 00:50:53,130 [Worker-38: Building] INFO  o.a.m.s.f.DefaultMavenResourcesFiltering - Copying 0 resource from src\main\resources to target\classes
2023-12-23 00:50:53,131 [Worker-38: Building] WARN  o.a.m.s.f.DefaultMavenResourcesFiltering - Using platform encoding (Cp1250 actually) to copy filtered resources, i.e. build is platform dependent!
2023-12-23 00:50:53,132 [Worker-38: Building] INFO  o.a.m.s.f.DefaultMavenResourcesFiltering - Copying 0 resource from src\test\resources to target\test-classes
2023-12-23 00:51:06,168 [Worker-42: Building] WARN  o.a.m.s.f.DefaultMavenResourcesFiltering - Using platform encoding (Cp1250 actually) to copy filtered resources, i.e. build is platform dependent!
2023-12-23 00:51:06,169 [Worker-42: Building] INFO  o.a.m.s.f.DefaultMavenResourcesFiltering - Copying 0 resource from src\main\resources to target\classes
2023-12-23 00:51:06,172 [Worker-42: Building] WARN  o.a.m.s.f.DefaultMavenResourcesFiltering - Using platform encoding (Cp1250 actually) to copy filtered resources, i.e. build is platform dependent!
2023-12-23 00:51:06,173 [Worker-42: Building] INFO  o.a.m.s.f.DefaultMavenResourcesFiltering - Copying 0 resource from src\test\resources to target\test-classes
2023-12-23 00:51:34,175 [Worker-36: Building] WARN  o.a.m.s.f.DefaultMavenResourcesFiltering - Using platform encoding (Cp1250 actually) to copy filtered resources, i.e. build is platform dependent!
2023-12-23 00:51:34,177 [Worker-36: Building] INFO  o.a.m.s.f.DefaultMavenResourcesFiltering - Copying 0 resource from src\main\resources to target\classes
2023-12-23 00:51:34,180 [Worker-36: Building] WARN  o.a.m.s.f.DefaultMavenResourcesFiltering - Using platform encoding (Cp1250 actually) to copy filtered resources, i.e. build is platform dependent!
2023-12-23 00:51:34,182 [Worker-36: Building] INFO  o.a.m.s.f.DefaultMavenResourcesFiltering - Copying 0 resource from src\test\resources to target\test-classes
2023-12-23 00:51:57,879 [Worker-39: Building] WARN  o.a.m.s.f.DefaultMavenResourcesFiltering - Using platform encoding (Cp1250 actually) to copy filtered resources, i.e. build is platform dependent!
2023-12-23 00:51:57,880 [Worker-39: Building] INFO  o.a.m.s.f.DefaultMavenResourcesFiltering - Copying 0 resource from src\main\resources to target\classes
2023-12-23 00:51:57,883 [Worker-39: Building] WARN  o.a.m.s.f.DefaultMavenResourcesFiltering - Using platform encoding (Cp1250 actually) to copy filtered resources, i.e. build is platform dependent!
2023-12-23 00:51:57,884 [Worker-39: Building] INFO  o.a.m.s.f.DefaultMavenResourcesFiltering - Copying 0 resource from src\test\resources to target\test-classes
2023-12-23 00:53:19,403 [Worker-43: Building] WARN  o.a.m.s.f.DefaultMavenResourcesFiltering - Using platform encoding (Cp1250 actually) to copy filtered resources, i.e. build is platform dependent!
2023-12-23 00:53:19,405 [Worker-43: Building] INFO  o.a.m.s.f.DefaultMavenResourcesFiltering - Copying 0 resource from src\main\resources to target\classes
2023-12-23 00:53:19,407 [Worker-43: Building] WARN  o.a.m.s.f.DefaultMavenResourcesFiltering - Using platform encoding (Cp1250 actually) to copy filtered resources, i.e. build is platform dependent!
2023-12-23 00:53:19,408 [Worker-43: Building] INFO  o.a.m.s.f.DefaultMavenResourcesFiltering - Copying 0 resource from src\test\resources to target\test-classes
